[19:33:34] [main/INFO]: Environment: authHost='https://authserver.mojang.com', accountsHost='https://api.mojang.com', sessionHost='https://sessionserver.mojang.com', servicesHost='https://api.minecraftservices.com', name='PROD'
[19:33:34] [main/WARN]: Ambiguity between arguments [teleport, location] and [teleport, destination] with inputs: [0.1 -0.5 .9, 0 0 0]
[19:33:34] [main/WARN]: Ambiguity between arguments [teleport, location] and [teleport, targets] with inputs: [0.1 -0.5 .9, 0 0 0]
[19:33:34] [main/WARN]: Ambiguity between arguments [teleport, destination] and [teleport, targets] with inputs: [Player, 0123, @e, dd12be42-52a9-4a91-a8a1-11c01849e498]
[19:33:34] [main/WARN]: Ambiguity between arguments [teleport, targets] and [teleport, destination] with inputs: [Player, 0123, dd12be42-52a9-4a91-a8a1-11c01849e498]
[19:33:34] [main/WARN]: Ambiguity between arguments [teleport, targets, location] and [teleport, targets, destination] with inputs: [0.1 -0.5 .9, 0 0 0]
[19:33:34] [main/INFO]: Reloading ResourceManager: Default
[19:33:36] [Worker-Main-14/INFO]: Loaded 7 recipes
[19:33:37] [Worker-Main-14/INFO]: Loaded 1137 advancements
[19:33:38] [Server thread/INFO]: Starting minecraft server version 1.17.1
[19:33:38] [Server thread/INFO]: Loading properties
[19:33:38] [Server thread/INFO]: Default game type: SURVIVAL
[19:33:38] [Server thread/INFO]: Generating keypair
[19:33:38] [Server thread/INFO]: Starting Minecraft server on *:25565
[19:33:38] [Server thread/INFO]: Using epoll channel type
[19:33:38] [Server thread/WARN]: **** SERVER IS RUNNING IN OFFLINE/INSECURE MODE!
[19:33:38] [Server thread/WARN]: The server will make no attempt to authenticate usernames. Beware.
[19:33:38] [Server thread/WARN]: While this makes the game possible to play without internet access, it also opens up the ability for hackers to connect with any username they choose.
[19:33:38] [Server thread/WARN]: To change this, set "online-mode" to "true" in the server.properties file.
[19:33:38] [Server thread/INFO]: Preparing level "world"
[19:33:38] [Server thread/INFO]: Preparing start region for dimension minecraft:overworld
[19:33:39] [Worker-Main-9/INFO]: Preparing spawn area: 0%
[19:33:39] [Worker-Main-10/INFO]: Preparing spawn area: 0%
[19:33:39] [Worker-Main-12/INFO]: Preparing spawn area: 0%
[19:33:42] [Worker-Main-13/INFO]: Preparing spawn area: 0%
[19:33:42] [Worker-Main-10/INFO]: Preparing spawn area: 0%
[19:33:42] [Worker-Main-13/INFO]: Preparing spawn area: 0%
[19:33:42] [Worker-Main-10/INFO]: Preparing spawn area: 0%
[19:33:42] [Worker-Main-11/INFO]: Preparing spawn area: 0%
[19:33:42] [Worker-Main-14/INFO]: Preparing spawn area: 1%
[19:33:43] [Worker-Main-13/INFO]: Preparing spawn area: 43%
[19:33:43] [Worker-Main-8/INFO]: Preparing spawn area: 68%
[19:33:44] [Worker-Main-11/INFO]: Preparing spawn area: 72%
[19:33:44] [Worker-Main-12/INFO]: Preparing spawn area: 82%
[19:33:45] [Worker-Main-10/INFO]: Preparing spawn area: 84%
[19:33:45] [Worker-Main-9/INFO]: Preparing spawn area: 87%
[19:33:46] [Worker-Main-9/INFO]: Preparing spawn area: 94%
[19:33:46] [Server thread/INFO]: Time elapsed: 7821 ms
[19:33:46] [Server thread/INFO]: Done (7.973s)! For help, type "help"
[19:33:46] [Server thread/INFO]: Starting remote control listener
[19:33:46] [Server thread/INFO]: Thread RCON Listener started
[19:33:46] [Server thread/INFO]: RCON running on 0.0.0.0:25575
[19:43:13] [Server thread/INFO]: Sacolites[/172.22.176.1:56422] logged in with entity id 93 at (236.5, 72.0, 12.5)
[19:43:13] [Server thread/INFO]: Sacolites joined the game
[19:46:08] [Server thread/INFO]: Sacolites lost connection: Disconnected
[19:46:08] [Server thread/INFO]: Sacolites left the game
[19:46:12] [Server thread/INFO]: Sacolites[/172.22.176.1:57476] logged in with entity id 1357 at (343.63815398173307, 65.0, -165.3206816464475)
[19:46:12] [Server thread/INFO]: Sacolites joined the game
[19:49:41] [Server thread/INFO]: Sacolites lost connection: Disconnected
[19:49:41] [Server thread/INFO]: Sacolites left the game
